<?xml version="1.0" encoding="UTF-8"?>
<testng-results ignored="0" total="1" passed="1" failed="0" skipped="0">
  <reporter-output>
  </reporter-output>
  <suite started-at="2024-08-10T00:12:46 IST" name="Default suite" finished-at="2024-08-10T00:13:42 IST" duration-ms="56333">
    <groups>
      <group name="cucumber">
        <method signature="AbstractTestNGCucumberTests.runScenario(io.cucumber.testng.PickleWrapper,io.cucumber.testng.FeatureWrapper)[pri:0, instance:Utilities.TestRunner@2254127a]" name="runScenario" class="io.cucumber.testng.AbstractTestNGCucumberTests"/>
      </group> <!-- cucumber -->
    </groups>
    <test started-at="2024-08-10T00:12:46 IST" name="Default test" finished-at="2024-08-10T00:13:42 IST" duration-ms="56333">
      <class name="Utilities.TestRunner">
        <test-method is-config="true" signature="setUpClass(org.testng.ITestContext)[pri:0, instance:Utilities.TestRunner@2254127a]" started-at="2024-08-10T00:12:46 IST" name="setUpClass" finished-at="2024-08-10T00:12:47 IST" duration-ms="1167" status="PASS">
          <params>
            <param index="0">
              <value>
                <![CDATA[org.testng.TestRunner@2b8bb184]]>
              </value>
            </param>
          </params>
          <reporter-output>
          </reporter-output>
        </test-method> <!-- setUpClass -->
        <test-method signature="runScenario(io.cucumber.testng.PickleWrapper,io.cucumber.testng.FeatureWrapper)[pri:0, instance:Utilities.TestRunner@2254127a]" started-at="2024-08-10T00:12:47 IST" name="runScenario" description="Runs Cucumber Scenarios" data-provider="scenarios" finished-at="2024-08-10T00:13:42 IST" duration-ms="54973" status="PASS">
          <params>
            <param index="0">
              <value>
                <![CDATA["User successfully navigate to Kotak car finance page"]]>
              </value>
            </param>
            <param index="1">
              <value>
                <![CDATA["Kotak Bank"]]>
              </value>
            </param>
          </params>
          <reporter-output>
          </reporter-output>
        </test-method> <!-- runScenario -->
        <test-method is-config="true" signature="tearDownClass()[pri:0, instance:Utilities.TestRunner@2254127a]" started-at="2024-08-10T00:13:42 IST" name="tearDownClass" finished-at="2024-08-10T00:13:42 IST" duration-ms="108" status="PASS">
          <reporter-output>
          </reporter-output>
        </test-method> <!-- tearDownClass -->
      </class> <!-- Utilities.TestRunner -->
    </test> <!-- Default test -->
  </suite> <!-- Default suite -->
</testng-results>
