<?xml version="1.0" encoding="UTF-8"?>
<testng-results ignored="0" total="1" passed="1" failed="0" skipped="0">
  <reporter-output>
  </reporter-output>
  <suite started-at="2024-08-10T14:43:16 IST" name="Surefire suite" finished-at="2024-08-10T14:44:21 IST" duration-ms="64593">
    <groups>
      <group name="cucumber">
        <method signature="AbstractTestNGCucumberTests.runScenario(io.cucumber.testng.PickleWrapper,io.cucumber.testng.FeatureWrapper)[pri:0, instance:Utilities.TestRunner@140c9f39]" name="runScenario" class="io.cucumber.testng.AbstractTestNGCucumberTests"/>
      </group> <!-- cucumber -->
    </groups>
    <test started-at="2024-08-10T14:43:16 IST" name="Surefire test" finished-at="2024-08-10T14:44:21 IST" duration-ms="64593">
      <class name="Utilities.TestRunner">
        <test-method is-config="true" signature="setUpClass(org.testng.ITestContext)[pri:0, instance:Utilities.TestRunner@140c9f39]" started-at="2024-08-10T14:43:16 IST" name="setUpClass" finished-at="2024-08-10T14:43:17 IST" duration-ms="1051" status="PASS">
          <params>
            <param index="0">
              <value>
                <![CDATA[org.testng.TestRunner@2e5ee2c9]]>
              </value>
            </param>
          </params>
          <reporter-output>
          </reporter-output>
        </test-method> <!-- setUpClass -->
        <test-method signature="runScenario(io.cucumber.testng.PickleWrapper,io.cucumber.testng.FeatureWrapper)[pri:0, instance:Utilities.TestRunner@140c9f39]" started-at="2024-08-10T14:43:17 IST" name="runScenario" description="Runs Cucumber Scenarios" data-provider="scenarios" finished-at="2024-08-10T14:44:21 IST" duration-ms="63373" status="PASS">
          <params>
            <param index="0">
              <value>
                <![CDATA["User successfully navigate to Kotak car finance page"]]>
              </value>
            </param>
            <param index="1">
              <value>
                <![CDATA["Kotak Bank"]]>
              </value>
            </param>
          </params>
          <reporter-output>
          </reporter-output>
        </test-method> <!-- runScenario -->
        <test-method is-config="true" signature="tearDownClass()[pri:0, instance:Utilities.TestRunner@140c9f39]" started-at="2024-08-10T14:44:21 IST" name="tearDownClass" finished-at="2024-08-10T14:44:21 IST" duration-ms="76" status="PASS">
          <reporter-output>
          </reporter-output>
        </test-method> <!-- tearDownClass -->
      </class> <!-- Utilities.TestRunner -->
    </test> <!-- Surefire test -->
  </suite> <!-- Surefire suite -->
</testng-results>
